cAndroid/cAndroidClient/build/outputs/logs/manifest-merger-debug-report.txt
-- Merging decision tree log ---
manifest
ADDED from src/main/AndroidManifest.xml:2:1-63:12
	package
		ADDED from src/main/AndroidManifest.xml:3:7-32
		INJECTED from src/main/AndroidManifest.xml
		INJECTED from src/main/AndroidManifest.xml
	android:versionName
		ADDED from src/main/AndroidManifest.xml:6:7-32
		INJECTED from src/main/AndroidManifest.xml
		INJECTED from src/main/AndroidManifest.xml
	android:versionCode
		ADDED from src/main/AndroidManifest.xml:5:7-30
		INJECTED from src/main/AndroidManifest.xml
		INJECTED from src/main/AndroidManifest.xml
	xmlns:android
		ADDED from src/main/AndroidManifest.xml:2:11-69
application
ADDED from src/main/AndroidManifest.xml:7:5-57:23
	android:label
		ADDED from src/main/AndroidManifest.xml:8:9-41
	android:icon
		ADDED from src/main/AndroidManifest.xml:9:9-44
	android:name
		ADDED from src/main/AndroidManifest.xml:7:18-83
activity#com.mobapphome.candroid.client.controls.SplashActivity
ADDED from src/main/AndroidManifest.xml:10:9-18:20
	android:screenOrientation
		ADDED from src/main/AndroidManifest.xml:13:19-55
	android:label
		ADDED from src/main/AndroidManifest.xml:11:19-51
	android:theme
		ADDED from src/main/AndroidManifest.xml:12:19-83
	android:name
		ADDED from src/main/AndroidManifest.xml:10:19-88
intent-filter#android.intent.action.MAIN+android.intent.category.LAUNCHER
ADDED from src/main/AndroidManifest.xml:14:14-17:29
action#android.intent.action.MAIN
ADDED from src/main/AndroidManifest.xml:15:17-69
	android:name
		ADDED from src/main/AndroidManifest.xml:15:25-66
category#android.intent.category.LAUNCHER
ADDED from src/main/AndroidManifest.xml:16:17-77
	android:name
		ADDED from src/main/AndroidManifest.xml:16:27-74
activity#com.mobapphome.candroid.client.controls.MainActivity
ADDED from src/main/AndroidManifest.xml:19:9-23:21
	android:screenOrientation
		ADDED from src/main/AndroidManifest.xml:22:19-55
	android:label
		ADDED from src/main/AndroidManifest.xml:20:19-51
	android:theme
		ADDED from src/main/AndroidManifest.xml:21:19-72
	android:name
		ADDED from src/main/AndroidManifest.xml:19:19-86
activity#com.mobapphome.candroid.client.controls.TouchPadActivity
ADDED from src/main/AndroidManifest.xml:24:9-27:21
	android:label
		ADDED from src/main/AndroidManifest.xml:25:19-51
	android:theme
		ADDED from src/main/AndroidManifest.xml:26:19-83
	android:name
		ADDED from src/main/AndroidManifest.xml:24:19-90
activity#com.mobapphome.candroid.client.controls.NeedForSpeedControllerActivity
ADDED from src/main/AndroidManifest.xml:28:9-32:21
	android:screenOrientation
		ADDED from src/main/AndroidManifest.xml:31:19-56
	android:label
		ADDED from src/main/AndroidManifest.xml:29:19-55
	android:theme
		ADDED from src/main/AndroidManifest.xml:30:19-83
	android:name
		ADDED from src/main/AndroidManifest.xml:28:19-104
activity#com.mobapphome.candroid.client.controls.SlideShowControllerActivity
ADDED from src/main/AndroidManifest.xml:33:9-36:21
	android:label
		ADDED from src/main/AndroidManifest.xml:34:19-57
	android:theme
		ADDED from src/main/AndroidManifest.xml:35:19-61
	android:name
		ADDED from src/main/AndroidManifest.xml:33:19-101
activity#com.mobapphome.candroid.client.controls.SettingsActivity
ADDED from src/main/AndroidManifest.xml:37:9-41:21
	android:screenOrientation
		ADDED from src/main/AndroidManifest.xml:40:19-55
	android:label
		ADDED from src/main/AndroidManifest.xml:38:19-55
	android:theme
		ADDED from src/main/AndroidManifest.xml:39:19-61
	android:name
		ADDED from src/main/AndroidManifest.xml:37:19-90
activity#com.mobapphome.candroid.client.controls.AboutActivity
ADDED from src/main/AndroidManifest.xml:42:18-46:21
	android:screenOrientation
		ADDED from src/main/AndroidManifest.xml:45:19-55
	android:label
		ADDED from src/main/AndroidManifest.xml:43:19-52
	android:theme
		ADDED from src/main/AndroidManifest.xml:44:19-61
	android:name
		ADDED from src/main/AndroidManifest.xml:42:28-96
receiver#com.mobapphome.candroid.client.ConnectivityActionReceiver
ADDED from src/main/AndroidManifest.xml:47:10-54:17
	android:enabled
		ADDED from src/main/AndroidManifest.xml:48:11-33
	android:label
		ADDED from src/main/AndroidManifest.xml:48:34-76
	android:name
		ADDED from src/main/AndroidManifest.xml:47:20-92
intent-filter#android.net.conn.CONNECTIVITY_CHANGE+android.net.wifi.STATE_CHANGE+android.net.wifi.WIFI_STATE_CHANGED
ADDED from src/main/AndroidManifest.xml:49:11-53:32
action#android.net.conn.CONNECTIVITY_CHANGE
ADDED from src/main/AndroidManifest.xml:50:15-76
	android:name
		ADDED from src/main/AndroidManifest.xml:50:23-74
action#android.net.wifi.STATE_CHANGE
ADDED from src/main/AndroidManifest.xml:51:15-69
	android:name
		ADDED from src/main/AndroidManifest.xml:51:23-67
action#android.net.wifi.WIFI_STATE_CHANGED
ADDED from src/main/AndroidManifest.xml:52:15-75
	android:name
		ADDED from src/main/AndroidManifest.xml:52:23-73
uses-permission#android.permission.INTERNET
ADDED from src/main/AndroidManifest.xml:58:5-66
	android:name
		ADDED from src/main/AndroidManifest.xml:58:22-64
uses-permission#android.permission.WRITE_EXTERNAL_STORAGE
ADDED from src/main/AndroidManifest.xml:59:5-81
	android:name
		ADDED from src/main/AndroidManifest.xml:59:22-78
uses-permission#android.permission.ACCESS_NETWORK_STATE
ADDED from src/main/AndroidManifest.xml:60:5-95
	android:name
		ADDED from src/main/AndroidManifest.xml:60:22-76
uses-permission#android.permission.ACCESS_WIFI_STATE
ADDED from src/main/AndroidManifest.xml:61:5-92
	android:name
		ADDED from src/main/AndroidManifest.xml:61:22-73
uses-permission#android.permission.CHANGE_WIFI_STATE
ADDED from src/main/AndroidManifest.xml:62:5-92
	android:name
		ADDED from src/main/AndroidManifest.xml:62:22-73